<?xml version="1.0" encoding="UTF-8"?>
<!-- Generated by org.testng.reporters.JUnitReportReporter -->
<testsuite hostname="DESKTOP-0BTK021" failures="0" tests="6" name="apitest.DDTesting" time="7.409" errors="0" timestamp="2023-08-01T11:07:49 IST" skipped="0">
  <testcase classname="apitest.DDTesting" name="testpostuser" time="1.226"/>
  <system-out/>
  <testcase classname="apitest.DDTesting" name="testpostuser" time="1.261"/>
  <system-out/>
  <testcase classname="apitest.DDTesting" name="testpostuser" time="1.207"/>
  <system-out/>
  <testcase classname="apitest.DDTesting" name="getuser" time="1.154"/>
  <system-out/>
  <testcase classname="apitest.DDTesting" name="getuser" time="1.245"/>
  <system-out/>
  <testcase classname="apitest.DDTesting" name="getuser" time="1.316"/>
  <system-out/>
</testsuite> <!-- apitest.DDTesting -->
