<?xml version="1.0" encoding="UTF-8"?>
<!-- Generated by org.testng.reporters.JUnitReportReporter -->
<testsuite hostname="DESKTOP-0BTK021" failures="0" tests="5" name="apitest.Usertest" time="9.573" errors="0" timestamp="2023-08-01T11:07:49 IST" skipped="0">
  <testcase classname="apitest.Usertest" name="postTestcase" time="4.578"/>
  <system-out/>
  <testcase classname="apitest.Usertest" name="gettestcase" time="1.278"/>
  <system-out/>
  <testcase classname="apitest.Usertest" name="puttestcase" time="1.276"/>
  <system-out/>
  <testcase classname="apitest.Usertest" name="getingupdateddata" time="1.236"/>
  <system-out/>
  <testcase classname="apitest.Usertest" name="daletetestcase" time="1.205"/>
  <system-out/>
</testsuite> <!-- apitest.Usertest -->
