<?xml version="1.0" encoding="UTF-8"?>
<!-- Generated by org.testng.reporters.JUnitReportReporter -->
<testsuite hostname="DESKTOP-0BTK021" failures="0" tests="6" name="apitest.DDTesting" time="7.096" errors="0" timestamp="2023-08-01T14:57:54 IST" skipped="0">
  <testcase classname="apitest.DDTesting" name="testpostuser" time="1.220"/>
  <system-out/>
  <testcase classname="apitest.DDTesting" name="testpostuser" time="1.184"/>
  <system-out/>
  <testcase classname="apitest.DDTesting" name="testpostuser" time="1.149"/>
  <system-out/>
  <testcase classname="apitest.DDTesting" name="getuser" time="1.205"/>
  <system-out/>
  <testcase classname="apitest.DDTesting" name="getuser" time="1.180"/>
  <system-out/>
  <testcase classname="apitest.DDTesting" name="getuser" time="1.158"/>
  <system-out/>
</testsuite> <!-- apitest.DDTesting -->
