<?xml version="1.0" encoding="UTF-8"?>
<!-- Generated by org.testng.reporters.JUnitReportReporter -->
<testsuite hostname="DESKTOP-0BTK021" failures="0" tests="5" name="apitest.Usertest" time="14.412" errors="0" timestamp="2023-08-01T14:57:54 IST" skipped="0">
  <testcase classname="apitest.Usertest" name="postTestcase" time="9.366"/>
  <system-out/>
  <testcase classname="apitest.Usertest" name="gettestcase" time="1.398"/>
  <system-out/>
  <testcase classname="apitest.Usertest" name="puttestcase" time="1.231"/>
  <system-out/>
  <testcase classname="apitest.Usertest" name="getingupdateddata" time="1.232"/>
  <system-out/>
  <testcase classname="apitest.Usertest" name="daletetestcase" time="1.185"/>
  <system-out/>
</testsuite> <!-- apitest.Usertest -->
